<?xml version="1.0" encoding="UTF-8"?>
<testsuite xmlns:xsi="http://www.w3.org/2001/XMLSchema-instance" xsi:noNamespaceSchemaLocation="https://maven.apache.org/surefire/maven-surefire-plugin/xsd/surefire-test-report.xsd" name="com.web.springbootweb.SpringbootWebApplicationTests" time="7.345" tests="1" errors="0" skipped="0" failures="0">
  <properties>
    <property name="sun.desktop" value="windows"/>
    <property name="awt.toolkit" value="sun.awt.windows.WToolkit"/>
    <property name="file.encoding.pkg" value="sun.io"/>
    <property name="java.specification.version" value="1.8"/>
    <property name="sun.cpu.isalist" value="amd64"/>
    <property name="sun.jnu.encoding" value="GBK"/>
    <property name="java.class.path" value="D:\IdeaWorkPlaces\DubboVue\dubbo-root\springboot-web\target\test-classes;D:\IdeaWorkPlaces\DubboVue\dubbo-root\springboot-web\target\classes;D:\apache-maven-3.5.0\mavenrepository\org\springframework\boot\spring-boot-starter-web\2.4.3\spring-boot-starter-web-2.4.3.jar;D:\apache-maven-3.5.0\mavenrepository\org\springframework\boot\spring-boot-starter\2.4.3\spring-boot-starter-2.4.3.jar;D:\apache-maven-3.5.0\mavenrepository\org\springframework\boot\spring-boot-starter-logging\2.4.3\spring-boot-starter-logging-2.4.3.jar;D:\apache-maven-3.5.0\mavenrepository\ch\qos\logback\logback-classic\1.2.3\logback-classic-1.2.3.jar;D:\apache-maven-3.5.0\mavenrepository\ch\qos\logback\logback-core\1.2.3\logback-core-1.2.3.jar;D:\apache-maven-3.5.0\mavenrepository\org\apache\logging\log4j\log4j-to-slf4j\2.13.3\log4j-to-slf4j-2.13.3.jar;D:\apache-maven-3.5.0\mavenrepository\org\apache\logging\log4j\log4j-api\2.13.3\log4j-api-2.13.3.jar;D:\apache-maven-3.5.0\mavenrepository\org\slf4j\jul-to-slf4j\1.7.30\jul-to-slf4j-1.7.30.jar;D:\apache-maven-3.5.0\mavenrepository\jakarta\annotation\jakarta.annotation-api\1.3.5\jakarta.annotation-api-1.3.5.jar;D:\apache-maven-3.5.0\mavenrepository\org\yaml\snakeyaml\1.27\snakeyaml-1.27.jar;D:\apache-maven-3.5.0\mavenrepository\org\springframework\boot\spring-boot-starter-json\2.4.3\spring-boot-starter-json-2.4.3.jar;D:\apache-maven-3.5.0\mavenrepository\com\fasterxml\jackson\core\jackson-databind\2.11.4\jackson-databind-2.11.4.jar;D:\apache-maven-3.5.0\mavenrepository\com\fasterxml\jackson\core\jackson-annotations\2.11.4\jackson-annotations-2.11.4.jar;D:\apache-maven-3.5.0\mavenrepository\com\fasterxml\jackson\core\jackson-core\2.11.4\jackson-core-2.11.4.jar;D:\apache-maven-3.5.0\mavenrepository\com\fasterxml\jackson\datatype\jackson-datatype-jdk8\2.11.4\jackson-datatype-jdk8-2.11.4.jar;D:\apache-maven-3.5.0\mavenrepository\com\fasterxml\jackson\datatype\jackson-datatype-jsr310\2.11.4\jackson-datatype-jsr310-2.11.4.jar;D:\apache-maven-3.5.0\mavenrepository\com\fasterxml\jackson\module\jackson-module-parameter-names\2.11.4\jackson-module-parameter-names-2.11.4.jar;D:\apache-maven-3.5.0\mavenrepository\org\springframework\boot\spring-boot-starter-tomcat\2.4.3\spring-boot-starter-tomcat-2.4.3.jar;D:\apache-maven-3.5.0\mavenrepository\org\apache\tomcat\embed\tomcat-embed-core\9.0.43\tomcat-embed-core-9.0.43.jar;D:\apache-maven-3.5.0\mavenrepository\org\glassfish\jakarta.el\3.0.3\jakarta.el-3.0.3.jar;D:\apache-maven-3.5.0\mavenrepository\org\apache\tomcat\embed\tomcat-embed-websocket\9.0.43\tomcat-embed-websocket-9.0.43.jar;D:\apache-maven-3.5.0\mavenrepository\org\springframework\spring-web\5.3.4\spring-web-5.3.4.jar;D:\apache-maven-3.5.0\mavenrepository\org\springframework\spring-beans\5.3.4\spring-beans-5.3.4.jar;D:\apache-maven-3.5.0\mavenrepository\org\springframework\spring-webmvc\5.3.4\spring-webmvc-5.3.4.jar;D:\apache-maven-3.5.0\mavenrepository\org\springframework\spring-aop\5.3.4\spring-aop-5.3.4.jar;D:\apache-maven-3.5.0\mavenrepository\org\springframework\spring-context\5.3.4\spring-context-5.3.4.jar;D:\apache-maven-3.5.0\mavenrepository\org\springframework\spring-expression\5.3.4\spring-expression-5.3.4.jar;D:\apache-maven-3.5.0\mavenrepository\org\springframework\boot\spring-boot-starter-test\2.4.3\spring-boot-starter-test-2.4.3.jar;D:\apache-maven-3.5.0\mavenrepository\org\springframework\boot\spring-boot-test\2.4.3\spring-boot-test-2.4.3.jar;D:\apache-maven-3.5.0\mavenrepository\org\springframework\boot\spring-boot-test-autoconfigure\2.4.3\spring-boot-test-autoconfigure-2.4.3.jar;D:\apache-maven-3.5.0\mavenrepository\com\jayway\jsonpath\json-path\2.4.0\json-path-2.4.0.jar;D:\apache-maven-3.5.0\mavenrepository\net\minidev\json-smart\2.3\json-smart-2.3.jar;D:\apache-maven-3.5.0\mavenrepository\net\minidev\accessors-smart\1.2\accessors-smart-1.2.jar;D:\apache-maven-3.5.0\mavenrepository\org\ow2\asm\asm\5.0.4\asm-5.0.4.jar;D:\apache-maven-3.5.0\mavenrepository\org\slf4j\slf4j-api\1.7.30\slf4j-api-1.7.30.jar;D:\apache-maven-3.5.0\mavenrepository\jakarta\xml\bind\jakarta.xml.bind-api\2.3.3\jakarta.xml.bind-api-2.3.3.jar;D:\apache-maven-3.5.0\mavenrepository\jakarta\activation\jakarta.activation-api\1.2.2\jakarta.activation-api-1.2.2.jar;D:\apache-maven-3.5.0\mavenrepository\org\assertj\assertj-core\3.18.1\assertj-core-3.18.1.jar;D:\apache-maven-3.5.0\mavenrepository\org\hamcrest\hamcrest\2.2\hamcrest-2.2.jar;D:\apache-maven-3.5.0\mavenrepository\org\junit\jupiter\junit-jupiter\5.7.1\junit-jupiter-5.7.1.jar;D:\apache-maven-3.5.0\mavenrepository\org\junit\jupiter\junit-jupiter-api\5.7.1\junit-jupiter-api-5.7.1.jar;D:\apache-maven-3.5.0\mavenrepository\org\apiguardian\apiguardian-api\1.1.0\apiguardian-api-1.1.0.jar;D:\apache-maven-3.5.0\mavenrepository\org\opentest4j\opentest4j\1.2.0\opentest4j-1.2.0.jar;D:\apache-maven-3.5.0\mavenrepository\org\junit\platform\junit-platform-commons\1.7.1\junit-platform-commons-1.7.1.jar;D:\apache-maven-3.5.0\mavenrepository\org\junit\jupiter\junit-jupiter-params\5.7.1\junit-jupiter-params-5.7.1.jar;D:\apache-maven-3.5.0\mavenrepository\org\junit\jupiter\junit-jupiter-engine\5.7.1\junit-jupiter-engine-5.7.1.jar;D:\apache-maven-3.5.0\mavenrepository\org\junit\platform\junit-platform-engine\1.7.1\junit-platform-engine-1.7.1.jar;D:\apache-maven-3.5.0\mavenrepository\org\mockito\mockito-core\3.6.28\mockito-core-3.6.28.jar;D:\apache-maven-3.5.0\mavenrepository\net\bytebuddy\byte-buddy\1.10.20\byte-buddy-1.10.20.jar;D:\apache-maven-3.5.0\mavenrepository\net\bytebuddy\byte-buddy-agent\1.10.20\byte-buddy-agent-1.10.20.jar;D:\apache-maven-3.5.0\mavenrepository\org\objenesis\objenesis\3.1\objenesis-3.1.jar;D:\apache-maven-3.5.0\mavenrepository\org\mockito\mockito-junit-jupiter\3.6.28\mockito-junit-jupiter-3.6.28.jar;D:\apache-maven-3.5.0\mavenrepository\org\skyscreamer\jsonassert\1.5.0\jsonassert-1.5.0.jar;D:\apache-maven-3.5.0\mavenrepository\com\vaadin\external\google\android-json\0.0.20131108.vaadin1\android-json-0.0.20131108.vaadin1.jar;D:\apache-maven-3.5.0\mavenrepository\org\springframework\spring-core\5.3.4\spring-core-5.3.4.jar;D:\apache-maven-3.5.0\mavenrepository\org\springframework\spring-jcl\5.3.4\spring-jcl-5.3.4.jar;D:\apache-maven-3.5.0\mavenrepository\org\springframework\spring-test\5.3.4\spring-test-5.3.4.jar;D:\apache-maven-3.5.0\mavenrepository\org\xmlunit\xmlunit-core\2.7.0\xmlunit-core-2.7.0.jar;D:\apache-maven-3.5.0\mavenrepository\org\springframework\boot\spring-boot-devtools\2.4.3\spring-boot-devtools-2.4.3.jar;D:\apache-maven-3.5.0\mavenrepository\org\springframework\boot\spring-boot\2.4.3\spring-boot-2.4.3.jar;D:\apache-maven-3.5.0\mavenrepository\org\springframework\boot\spring-boot-autoconfigure\2.4.3\spring-boot-autoconfigure-2.4.3.jar;"/>
    <property name="java.vm.vendor" value="Oracle Corporation"/>
    <property name="sun.arch.data.model" value="64"/>
    <property name="user.variant" value=""/>
    <property name="java.vendor.url" value="http://java.oracle.com/"/>
    <property name="user.timezone" value="Asia/Shanghai"/>
    <property name="java.vm.specification.version" value="1.8"/>
    <property name="os.name" value="Windows 10"/>
    <property name="user.country" value="CN"/>
    <property name="sun.java.launcher" value="SUN_STANDARD"/>
    <property name="sun.boot.library.path" value="D:\Program Files\Java\jdk1.8.0_221\jre\bin"/>
    <property name="sun.java.command" value="C:\Users\LY\AppData\Local\Temp\surefire5116707712259357548\surefirebooter6224506234837293101.jar C:\Users\LY\AppData\Local\Temp\surefire5116707712259357548 2021-02-24T16-48-11_748-jvmRun1 surefire5929566531299092551tmp surefire_05094999029430453349tmp"/>
    <property name="surefire.test.class.path" value="D:\IdeaWorkPlaces\DubboVue\dubbo-root\springboot-web\target\test-classes;D:\IdeaWorkPlaces\DubboVue\dubbo-root\springboot-web\target\classes;D:\apache-maven-3.5.0\mavenrepository\org\springframework\boot\spring-boot-starter-web\2.4.3\spring-boot-starter-web-2.4.3.jar;D:\apache-maven-3.5.0\mavenrepository\org\springframework\boot\spring-boot-starter\2.4.3\spring-boot-starter-2.4.3.jar;D:\apache-maven-3.5.0\mavenrepository\org\springframework\boot\spring-boot-starter-logging\2.4.3\spring-boot-starter-logging-2.4.3.jar;D:\apache-maven-3.5.0\mavenrepository\ch\qos\logback\logback-classic\1.2.3\logback-classic-1.2.3.jar;D:\apache-maven-3.5.0\mavenrepository\ch\qos\logback\logback-core\1.2.3\logback-core-1.2.3.jar;D:\apache-maven-3.5.0\mavenrepository\org\apache\logging\log4j\log4j-to-slf4j\2.13.3\log4j-to-slf4j-2.13.3.jar;D:\apache-maven-3.5.0\mavenrepository\org\apache\logging\log4j\log4j-api\2.13.3\log4j-api-2.13.3.jar;D:\apache-maven-3.5.0\mavenrepository\org\slf4j\jul-to-slf4j\1.7.30\jul-to-slf4j-1.7.30.jar;D:\apache-maven-3.5.0\mavenrepository\jakarta\annotation\jakarta.annotation-api\1.3.5\jakarta.annotation-api-1.3.5.jar;D:\apache-maven-3.5.0\mavenrepository\org\yaml\snakeyaml\1.27\snakeyaml-1.27.jar;D:\apache-maven-3.5.0\mavenrepository\org\springframework\boot\spring-boot-starter-json\2.4.3\spring-boot-starter-json-2.4.3.jar;D:\apache-maven-3.5.0\mavenrepository\com\fasterxml\jackson\core\jackson-databind\2.11.4\jackson-databind-2.11.4.jar;D:\apache-maven-3.5.0\mavenrepository\com\fasterxml\jackson\core\jackson-annotations\2.11.4\jackson-annotations-2.11.4.jar;D:\apache-maven-3.5.0\mavenrepository\com\fasterxml\jackson\core\jackson-core\2.11.4\jackson-core-2.11.4.jar;D:\apache-maven-3.5.0\mavenrepository\com\fasterxml\jackson\datatype\jackson-datatype-jdk8\2.11.4\jackson-datatype-jdk8-2.11.4.jar;D:\apache-maven-3.5.0\mavenrepository\com\fasterxml\jackson\datatype\jackson-datatype-jsr310\2.11.4\jackson-datatype-jsr310-2.11.4.jar;D:\apache-maven-3.5.0\mavenrepository\com\fasterxml\jackson\module\jackson-module-parameter-names\2.11.4\jackson-module-parameter-names-2.11.4.jar;D:\apache-maven-3.5.0\mavenrepository\org\springframework\boot\spring-boot-starter-tomcat\2.4.3\spring-boot-starter-tomcat-2.4.3.jar;D:\apache-maven-3.5.0\mavenrepository\org\apache\tomcat\embed\tomcat-embed-core\9.0.43\tomcat-embed-core-9.0.43.jar;D:\apache-maven-3.5.0\mavenrepository\org\glassfish\jakarta.el\3.0.3\jakarta.el-3.0.3.jar;D:\apache-maven-3.5.0\mavenrepository\org\apache\tomcat\embed\tomcat-embed-websocket\9.0.43\tomcat-embed-websocket-9.0.43.jar;D:\apache-maven-3.5.0\mavenrepository\org\springframework\spring-web\5.3.4\spring-web-5.3.4.jar;D:\apache-maven-3.5.0\mavenrepository\org\springframework\spring-beans\5.3.4\spring-beans-5.3.4.jar;D:\apache-maven-3.5.0\mavenrepository\org\springframework\spring-webmvc\5.3.4\spring-webmvc-5.3.4.jar;D:\apache-maven-3.5.0\mavenrepository\org\springframework\spring-aop\5.3.4\spring-aop-5.3.4.jar;D:\apache-maven-3.5.0\mavenrepository\org\springframework\spring-context\5.3.4\spring-context-5.3.4.jar;D:\apache-maven-3.5.0\mavenrepository\org\springframework\spring-expression\5.3.4\spring-expression-5.3.4.jar;D:\apache-maven-3.5.0\mavenrepository\org\springframework\boot\spring-boot-starter-test\2.4.3\spring-boot-starter-test-2.4.3.jar;D:\apache-maven-3.5.0\mavenrepository\org\springframework\boot\spring-boot-test\2.4.3\spring-boot-test-2.4.3.jar;D:\apache-maven-3.5.0\mavenrepository\org\springframework\boot\spring-boot-test-autoconfigure\2.4.3\spring-boot-test-autoconfigure-2.4.3.jar;D:\apache-maven-3.5.0\mavenrepository\com\jayway\jsonpath\json-path\2.4.0\json-path-2.4.0.jar;D:\apache-maven-3.5.0\mavenrepository\net\minidev\json-smart\2.3\json-smart-2.3.jar;D:\apache-maven-3.5.0\mavenrepository\net\minidev\accessors-smart\1.2\accessors-smart-1.2.jar;D:\apache-maven-3.5.0\mavenrepository\org\ow2\asm\asm\5.0.4\asm-5.0.4.jar;D:\apache-maven-3.5.0\mavenrepository\org\slf4j\slf4j-api\1.7.30\slf4j-api-1.7.30.jar;D:\apache-maven-3.5.0\mavenrepository\jakarta\xml\bind\jakarta.xml.bind-api\2.3.3\jakarta.xml.bind-api-2.3.3.jar;D:\apache-maven-3.5.0\mavenrepository\jakarta\activation\jakarta.activation-api\1.2.2\jakarta.activation-api-1.2.2.jar;D:\apache-maven-3.5.0\mavenrepository\org\assertj\assertj-core\3.18.1\assertj-core-3.18.1.jar;D:\apache-maven-3.5.0\mavenrepository\org\hamcrest\hamcrest\2.2\hamcrest-2.2.jar;D:\apache-maven-3.5.0\mavenrepository\org\junit\jupiter\junit-jupiter\5.7.1\junit-jupiter-5.7.1.jar;D:\apache-maven-3.5.0\mavenrepository\org\junit\jupiter\junit-jupiter-api\5.7.1\junit-jupiter-api-5.7.1.jar;D:\apache-maven-3.5.0\mavenrepository\org\apiguardian\apiguardian-api\1.1.0\apiguardian-api-1.1.0.jar;D:\apache-maven-3.5.0\mavenrepository\org\opentest4j\opentest4j\1.2.0\opentest4j-1.2.0.jar;D:\apache-maven-3.5.0\mavenrepository\org\junit\platform\junit-platform-commons\1.7.1\junit-platform-commons-1.7.1.jar;D:\apache-maven-3.5.0\mavenrepository\org\junit\jupiter\junit-jupiter-params\5.7.1\junit-jupiter-params-5.7.1.jar;D:\apache-maven-3.5.0\mavenrepository\org\junit\jupiter\junit-jupiter-engine\5.7.1\junit-jupiter-engine-5.7.1.jar;D:\apache-maven-3.5.0\mavenrepository\org\junit\platform\junit-platform-engine\1.7.1\junit-platform-engine-1.7.1.jar;D:\apache-maven-3.5.0\mavenrepository\org\mockito\mockito-core\3.6.28\mockito-core-3.6.28.jar;D:\apache-maven-3.5.0\mavenrepository\net\bytebuddy\byte-buddy\1.10.20\byte-buddy-1.10.20.jar;D:\apache-maven-3.5.0\mavenrepository\net\bytebuddy\byte-buddy-agent\1.10.20\byte-buddy-agent-1.10.20.jar;D:\apache-maven-3.5.0\mavenrepository\org\objenesis\objenesis\3.1\objenesis-3.1.jar;D:\apache-maven-3.5.0\mavenrepository\org\mockito\mockito-junit-jupiter\3.6.28\mockito-junit-jupiter-3.6.28.jar;D:\apache-maven-3.5.0\mavenrepository\org\skyscreamer\jsonassert\1.5.0\jsonassert-1.5.0.jar;D:\apache-maven-3.5.0\mavenrepository\com\vaadin\external\google\android-json\0.0.20131108.vaadin1\android-json-0.0.20131108.vaadin1.jar;D:\apache-maven-3.5.0\mavenrepository\org\springframework\spring-core\5.3.4\spring-core-5.3.4.jar;D:\apache-maven-3.5.0\mavenrepository\org\springframework\spring-jcl\5.3.4\spring-jcl-5.3.4.jar;D:\apache-maven-3.5.0\mavenrepository\org\springframework\spring-test\5.3.4\spring-test-5.3.4.jar;D:\apache-maven-3.5.0\mavenrepository\org\xmlunit\xmlunit-core\2.7.0\xmlunit-core-2.7.0.jar;D:\apache-maven-3.5.0\mavenrepository\org\springframework\boot\spring-boot-devtools\2.4.3\spring-boot-devtools-2.4.3.jar;D:\apache-maven-3.5.0\mavenrepository\org\springframework\boot\spring-boot\2.4.3\spring-boot-2.4.3.jar;D:\apache-maven-3.5.0\mavenrepository\org\springframework\boot\spring-boot-autoconfigure\2.4.3\spring-boot-autoconfigure-2.4.3.jar;"/>
    <property name="sun.cpu.endian" value="little"/>
    <property name="user.home" value="C:\Users\LY"/>
    <property name="user.language" value="zh"/>
    <property name="java.specification.vendor" value="Oracle Corporation"/>
    <property name="idea.version2019.2.2" value="true"/>
    <property name="java.home" value="D:\Program Files\Java\jdk1.8.0_221\jre"/>
    <property name="basedir" value="D:\IdeaWorkPlaces\DubboVue\dubbo-root\springboot-web"/>
    <property name="file.separator" value="\"/>
    <property name="line.separator" value="&#10;"/>
    <property name="java.vm.specification.vendor" value="Oracle Corporation"/>
    <property name="java.specification.name" value="Java Platform API Specification"/>
    <property name="java.awt.graphicsenv" value="sun.awt.Win32GraphicsEnvironment"/>
    <property name="surefire.real.class.path" value="C:\Users\LY\AppData\Local\Temp\surefire5116707712259357548\surefirebooter6224506234837293101.jar"/>
    <property name="sun.boot.class.path" value="D:\Program Files\Java\jdk1.8.0_221\jre\lib\resources.jar;D:\Program Files\Java\jdk1.8.0_221\jre\lib\rt.jar;D:\Program Files\Java\jdk1.8.0_221\jre\lib\sunrsasign.jar;D:\Program Files\Java\jdk1.8.0_221\jre\lib\jsse.jar;D:\Program Files\Java\jdk1.8.0_221\jre\lib\jce.jar;D:\Program Files\Java\jdk1.8.0_221\jre\lib\charsets.jar;D:\Program Files\Java\jdk1.8.0_221\jre\lib\jfr.jar;D:\Program Files\Java\jdk1.8.0_221\jre\classes"/>
    <property name="user.script" value=""/>
    <property name="sun.management.compiler" value="HotSpot 64-Bit Tiered Compilers"/>
    <property name="java.runtime.version" value="1.8.0_221-b11"/>
    <property name="user.name" value="LY"/>
    <property name="path.separator" value=";"/>
    <property name="os.version" value="10.0"/>
    <property name="java.endorsed.dirs" value="D:\Program Files\Java\jdk1.8.0_221\jre\lib\endorsed"/>
    <property name="java.runtime.name" value="Java(TM) SE Runtime Environment"/>
    <property name="file.encoding" value="GBK"/>
    <property name="java.vm.name" value="Java HotSpot(TM) 64-Bit Server VM"/>
    <property name="localRepository" value="D:\apache-maven-3.5.0\mavenrepository"/>
    <property name="java.vendor.url.bug" value="http://bugreport.sun.com/bugreport/"/>
    <property name="java.io.tmpdir" value="C:\Users\LY\AppData\Local\Temp\"/>
    <property name="java.version" value="1.8.0_221"/>
    <property name="user.dir" value="D:\IdeaWorkPlaces\DubboVue\dubbo-root\springboot-web"/>
    <property name="os.arch" value="amd64"/>
    <property name="java.vm.specification.name" value="Java Virtual Machine Specification"/>
    <property name="java.awt.printerjob" value="sun.awt.windows.WPrinterJob"/>
    <property name="sun.os.patch.level" value=""/>
    <property name="java.library.path" value="D:\Program Files\Java\jdk1.8.0_221\jre\bin;C:\WINDOWS\Sun\Java\bin;C:\WINDOWS\system32;C:\WINDOWS;C:\Python39\Scripts\;C:\Python39\;D:\Program Files (x86)\NetSarang\Xftp 6\;D:\Program Files (x86)\NetSarang\Xshell 6\;C:\Program Files (x86)\Common Files\Oracle\Java\javapath;C:\ProgramData\Oracle\Java\javapath;C:\WINDOWS\system32;C:\WINDOWS;C:\WINDOWS\System32\Wbem;C:\WINDOWS\System32\WindowsPowerShell\v1.0\;C:\WINDOWS\System32\OpenSSH\;D:\Android\android-sdk-windows\platform-tools;D:\apache-maven-3.5.0\bin;D:\mysql-8.0.17-winx64\bin;D:\Program Files\PuTTY\;C:\Program Files\TortoiseSVN\bin;D:\Program Files\nodejs\;C:\ProgramData\chocolatey\bin;C:\Users\LY\AppData\Local\Microsoft\WindowsApps;;C:\Program Files\JetBrains\IntelliJ IDEA 2019.2.2\bin;;D:\Microsoft VS Code\bin;C:\Users\LY\AppData\Roaming\npm;."/>
    <property name="java.vm.info" value="mixed mode"/>
    <property name="java.vendor" value="Oracle Corporation"/>
    <property name="java.vm.version" value="25.221-b11"/>
    <property name="java.ext.dirs" value="D:\Program Files\Java\jdk1.8.0_221\jre\lib\ext;C:\WINDOWS\Sun\Java\lib\ext"/>
    <property name="sun.io.unicode.encoding" value="UnicodeLittle"/>
    <property name="maven.repo.local" value="D:\apache-maven-3.5.0\mavenrepository"/>
    <property name="java.class.version" value="52.0"/>
  </properties>
  <testcase name="contextLoads" classname="com.web.springbootweb.SpringbootWebApplicationTests" time="0.661"/>
</testsuite>